<?xml version="1.0" encoding="UTF-8"?>
<!-- Generated by org.testng.reporters.JUnitReportReporter -->
<testsuite hostname="LAPTOP-8MDTO84L" failures="0" tests="1" name="testCases.TC_001_AccountRegistraionTest" time="1.919" errors="0" timestamp="2024-09-26T09:36:25 IST" skipped="0">
  <testcase classname="testCases.TC_001_AccountRegistraionTest" name="verify_account_registation" time="1.919"/>
</testsuite> <!-- testCases.TC_001_AccountRegistraionTest -->
